  contact.c
D:\Cyuyan\Contact\contact.c(44,3): warning C4996: 'scanf': This function or variable may be unsafe. Consider using scanf_s instead. To disable deprecation, use _CRT_SECURE_NO_WARNINGS. See online help for details.
D:\Cyuyan\Contact\contact.c(46,3): warning C4996: 'scanf': This function or variable may be unsafe. Consider using scanf_s instead. To disable deprecation, use _CRT_SECURE_NO_WARNINGS. See online help for details.
D:\Cyuyan\Contact\contact.c(48,3): warning C4996: 'scanf': This function or variable may be unsafe. Consider using scanf_s instead. To disable deprecation, use _CRT_SECURE_NO_WARNINGS. See online help for details.
D:\Cyuyan\Contact\contact.c(50,3): warning C4996: 'scanf': This function or variable may be unsafe. Consider using scanf_s instead. To disable deprecation, use _CRT_SECURE_NO_WARNINGS. See online help for details.
D:\Cyuyan\Contact\contact.c(90,13): warning C4013: “strcmp”未定义；假设外部返回 int
D:\Cyuyan\Contact\contact.c(86,2): warning C4996: 'scanf': This function or variable may be unsafe. Consider using scanf_s instead. To disable deprecation, use _CRT_SECURE_NO_WARNINGS. See online help for details.
D:\Cyuyan\Contact\contact.c(116,2): warning C4996: 'scanf': This function or variable may be unsafe. Consider using scanf_s instead. To disable deprecation, use _CRT_SECURE_NO_WARNINGS. See online help for details.
D:\Cyuyan\Contact\contact.c(140,34): warning C4028: 形参 1 与声明不同
D:\Cyuyan\Contact\contact.c(148,2): warning C4996: 'scanf': This function or variable may be unsafe. Consider using scanf_s instead. To disable deprecation, use _CRT_SECURE_NO_WARNINGS. See online help for details.
D:\Cyuyan\Contact\contact.c(157,4): warning C4996: 'scanf': This function or variable may be unsafe. Consider using scanf_s instead. To disable deprecation, use _CRT_SECURE_NO_WARNINGS. See online help for details.
D:\Cyuyan\Contact\contact.c(162,5): warning C4996: 'scanf': This function or variable may be unsafe. Consider using scanf_s instead. To disable deprecation, use _CRT_SECURE_NO_WARNINGS. See online help for details.
D:\Cyuyan\Contact\contact.c(166,5): warning C4996: 'scanf': This function or variable may be unsafe. Consider using scanf_s instead. To disable deprecation, use _CRT_SECURE_NO_WARNINGS. See online help for details.
D:\Cyuyan\Contact\contact.c(170,5): warning C4996: 'scanf': This function or variable may be unsafe. Consider using scanf_s instead. To disable deprecation, use _CRT_SECURE_NO_WARNINGS. See online help for details.
D:\Cyuyan\Contact\contact.c(174,5): warning C4996: 'scanf': This function or variable may be unsafe. Consider using scanf_s instead. To disable deprecation, use _CRT_SECURE_NO_WARNINGS. See online help for details.
D:\Cyuyan\Contact\contact.c(195,11): warning C4098: “Save”:“void”函数返回值
D:\Cyuyan\Contact\contact.c(192,13): warning C4996: 'fopen': This function or variable may be unsafe. Consider using fopen_s instead. To disable deprecation, use _CRT_SECURE_NO_WARNINGS. See online help for details.
D:\Cyuyan\Contact\contact.c(219,47): warning C4267: “=”: 从“size_t”转换到“int”，可能丢失数据
D:\Cyuyan\Contact\contact.c(211,13): warning C4996: 'fopen': This function or variable may be unsafe. Consider using fopen_s instead. To disable deprecation, use _CRT_SECURE_NO_WARNINGS. See online help for details.
  Contact.vcxproj -> D:\Cyuyan\Contact\x64\Debug\Contact.exe
